<?xml version="1.0" encoding="UTF-8"?>
<!-- Generated by org.testng.reporters.JUnitReportReporter -->
<testsuite hostname="NBTR2" name="com.wavelabs.service.SolrService.SolrServiceTest" tests="1" failures="0" timestamp="18 Apr 2017 09:29:23 GMT" time="258.724" errors="0">
  <testcase name="getJobsTest" time="258.724" classname="com.wavelabs.service.SolrService.SolrServiceTest"/>
</testsuite> <!-- com.wavelabs.service.SolrService.SolrServiceTest -->
